<?xml version="1.0" encoding="UTF-8"?>
<testng-results skipped="0" failed="0" total="1" passed="1">
  <reporter-output>
  </reporter-output>
  <suite name="Default suite" duration-ms="19852" started-at="2016-08-13T09:58:58Z" finished-at="2016-08-13T09:59:18Z">
    <groups>
    </groups>
    <test name="Default test" duration-ms="19852" started-at="2016-08-13T09:58:58Z" finished-at="2016-08-13T09:59:18Z">
      <class name="JenkinPackage.JenkinTest">
        <test-method status="PASS" signature="Jenkins()[pri:0, instance:JenkinPackage.JenkinTest@26653222]" name="Jenkins" duration-ms="19817" started-at="2016-08-13T15:28:58Z" finished-at="2016-08-13T15:29:18Z">
          <reporter-output>
          </reporter-output>
        </test-method> <!-- Jenkins -->
      </class> <!-- JenkinPackage.JenkinTest -->
    </test> <!-- Default test -->
  </suite> <!-- Default suite -->
</testng-results>
