<?xml version="1.0" encoding="UTF-8"?>
<testng-results skipped="0" failed="0" total="1" passed="1">
  <reporter-output>
  </reporter-output>
  <suite name="Default suite" duration-ms="12891" started-at="2016-08-07T11:00:08Z" finished-at="2016-08-07T11:00:21Z">
    <groups>
    </groups>
    <test name="Default test" duration-ms="12891" started-at="2016-08-07T11:00:08Z" finished-at="2016-08-07T11:00:21Z">
      <class name="JenkinPackage.JenkinTest">
        <test-method status="PASS" signature="Jenkins()[pri:0, instance:JenkinPackage.JenkinTest@4b9e13df]" name="Jenkins" duration-ms="12859" started-at="2016-08-07T16:30:08Z" finished-at="2016-08-07T16:30:21Z">
          <reporter-output>
          </reporter-output>
        </test-method> <!-- Jenkins -->
      </class> <!-- JenkinPackage.JenkinTest -->
    </test> <!-- Default test -->
  </suite> <!-- Default suite -->
</testng-results>
